# JRE version: Java(TM) SE Runtime Environment (8.0_111-b14) (build 1.8.0_111-b14)
# Java VM: Java HotSpot(TM) 64-Bit Server VM (25.111-b14 mixed mode windows-amd64 compressed oops)
Heap:
 PSYoungGen      total 37888K, used 30208K [0x00000000e0000000, 0x00000000e2d80000, 0x0000000100000000)
  eden space 30208K, 100% used [0x00000000e0000000,0x00000000e1d80000,0x00000000e1d80000)
  from space 7680K, 0% used [0x00000000e1e00000,0x00000000e1e00000,0x00000000e2580000)
  to   space 8192K, 20% used [0x00000000e2580000,0x00000000e272d010,0x00000000e2d80000)
 ParOldGen       total 38912K, used 8735K [0x00000000a0000000, 0x00000000a2600000, 0x00000000e0000000)
  object space 38912K, 22% used [0x00000000a0000000,0x00000000a0887e48,0x00000000a2600000)
 Metaspace       used 23861K, capacity 24286K, committed 24576K, reserved 1071104K
  class space    used 3341K, capacity 3462K, committed 3584K, reserved 1048576K
GC Heap History (10 events):
Event: 5.595 GC heap after
Heap after GC invocations=4 (full 0):
 PSYoungGen      total 35328K, used 2560K [0x00000000e0000000, 0x00000000e2500000, 0x0000000100000000)
  eden space 32768K, 0% used [0x00000000e0000000,0x00000000e0000000,0x00000000e2000000)
  from space 2560K, 100% used [0x00000000e2280000,0x00000000e2500000,0x00000000e2500000)
  to   space 2560K, 0% used [0x00000000e2000000,0x00000000e2000000,0x00000000e2280000)
 ParOldGen       total 44032K, used 2681K [0x00000000a0000000, 0x00000000a2b00000, 0x00000000e0000000)
  object space 44032K, 6% used [0x00000000a0000000,0x00000000a029e4e0,0x00000000a2b00000)
 Metaspace       used 10792K, capacity 11048K, committed 11392K, reserved 1058816K
  class space    used 1455K, capacity 1550K, committed 1664K, reserved 1048576K
}
Event: 7.944 GC heap before
{Heap before GC invocations=5 (full 0):
 PSYoungGen      total 35328K, used 35328K [0x00000000e0000000, 0x00000000e2500000, 0x0000000100000000)
  eden space 32768K, 100% used [0x00000000e0000000,0x00000000e2000000,0x00000000e2000000)
  from space 2560K, 100% used [0x00000000e2280000,0x00000000e2500000,0x00000000e2500000)
  to   space 2560K, 0% used [0x00000000e2000000,0x00000000e2000000,0x00000000e2280000)
 ParOldGen       total 44032K, used 2681K [0x00000000a0000000, 0x00000000a2b00000, 0x00000000e0000000)
  object space 44032K, 6% used [0x00000000a0000000,0x00000000a029e4e0,0x00000000a2b00000)
 Metaspace       used 14261K, capacity 14548K, committed 14720K, reserved 1062912K
  class space    used 2035K, capacity 2154K, committed 2176K, reserved 1048576K
Event: 7.955 GC heap after
Heap after GC invocations=5 (full 0):
 PSYoungGen      total 34304K, used 2544K [0x00000000e0000000, 0x00000000e2c00000, 0x0000000100000000)
  eden space 31744K, 0% used [0x00000000e0000000,0x00000000e0000000,0x00000000e1f00000)
  from space 2560K, 99% used [0x00000000e2000000,0x00000000e227c010,0x00000000e2280000)
  to   space 6656K, 0% used [0x00000000e2580000,0x00000000e2580000,0x00000000e2c00000)
 ParOldGen       total 44032K, used 6451K [0x00000000a0000000, 0x00000000a2b00000, 0x00000000e0000000)
  object space 44032K, 14% used [0x00000000a0000000,0x00000000a064ce60,0x00000000a2b00000)
 Metaspace       used 14261K, capacity 14548K, committed 14720K, reserved 1062912K
  class space    used 2035K, capacity 2154K, committed 2176K, reserved 1048576K
}
Event: 10.626 GC heap before
{Heap before GC invocations=6 (full 0):
 PSYoungGen      total 34304K, used 34288K [0x00000000e0000000, 0x00000000e2c00000, 0x0000000100000000)
  eden space 31744K, 100% used [0x00000000e0000000,0x00000000e1f00000,0x00000000e1f00000)
  from space 2560K, 99% used [0x00000000e2000000,0x00000000e227c010,0x00000000e2280000)
  to   space 6656K, 0% used [0x00000000e2580000,0x00000000e2580000,0x00000000e2c00000)
 ParOldGen       total 44032K, used 6451K [0x00000000a0000000, 0x00000000a2b00000, 0x00000000e0000000)
  object space 44032K, 14% used [0x00000000a0000000,0x00000000a064ce60,0x00000000a2b00000)
 Metaspace       used 17331K, capacity 17782K, committed 17920K, reserved 1064960K
  class space    used 2555K, capacity 2713K, committed 2816K, reserved 1048576K
Event: 10.639 GC heap after
Heap after GC invocations=6 (full 0):
 PSYoungGen      total 37376K, used 6524K [0x00000000e0000000, 0x00000000e2d00000, 0x0000000100000000)
  eden space 30720K, 0% used [0x00000000e0000000,0x00000000e0000000,0x00000000e1e00000)
  from space 6656K, 98% used [0x00000000e2580000,0x00000000e2bdf1c0,0x00000000e2c00000)
  to   space 7680K, 0% used [0x00000000e1e00000,0x00000000e1e00000,0x00000000e2580000)
 ParOldGen       total 44032K, used 6459K [0x00000000a0000000, 0x00000000a2b00000, 0x00000000e0000000)
  object space 44032K, 14% used [0x00000000a0000000,0x00000000a064ee60,0x00000000a2b00000)
 Metaspace       used 17331K, capacity 17782K, committed 17920K, reserved 1064960K
  class space    used 2555K, capacity 2713K, committed 2816K, reserved 1048576K
}
Event: 12.199 GC heap before
{Heap before GC invocations=7 (full 0):
 PSYoungGen      total 37376K, used 22903K [0x00000000e0000000, 0x00000000e2d00000, 0x0000000100000000)
  eden space 30720K, 53% used [0x00000000e0000000,0x00000000e0ffec08,0x00000000e1e00000)
  from space 6656K, 98% used [0x00000000e2580000,0x00000000e2bdf1c0,0x00000000e2c00000)
  to   space 7680K, 0% used [0x00000000e1e00000,0x00000000e1e00000,0x00000000e2580000)
 ParOldGen       total 44032K, used 6459K [0x00000000a0000000, 0x00000000a2b00000, 0x00000000e0000000)
  object space 44032K, 14% used [0x00000000a0000000,0x00000000a064ee60,0x00000000a2b00000)
 Metaspace       used 20779K, capacity 21166K, committed 21296K, reserved 1067008K
  class space    used 2972K, capacity 3133K, committed 3200K, reserved 1048576K
Event: 12.208 GC heap after
Heap after GC invocations=7 (full 0):
 PSYoungGen      total 37888K, used 5933K [0x00000000e0000000, 0x00000000e2d80000, 0x0000000100000000)
  eden space 30208K, 0% used [0x00000000e0000000,0x00000000e0000000,0x00000000e1d80000)
  from space 7680K, 77% used [0x00000000e1e00000,0x00000000e23cb408,0x00000000e2580000)
  to   space 8192K, 0% used [0x00000000e2580000,0x00000000e2580000,0x00000000e2d80000)
 ParOldGen       total 44032K, used 7123K [0x00000000a0000000, 0x00000000a2b00000, 0x00000000e0000000)
  object space 44032K, 16% used [0x00000000a0000000,0x00000000a06f4ea0,0x00000000a2b00000)
 Metaspace       used 20779K, capacity 21166K, committed 21296K, reserved 1067008K
  class space    used 2972K, capacity 3133K, committed 3200K, reserved 1048576K
}
Event: 12.209 GC heap before
{Heap before GC invocations=8 (full 1):
 PSYoungGen      total 37888K, used 5933K [0x00000000e0000000, 0x00000000e2d80000, 0x0000000100000000)
  eden space 30208K, 0% used [0x00000000e0000000,0x00000000e0000000,0x00000000e1d80000)
  from space 7680K, 77% used [0x00000000e1e00000,0x00000000e23cb408,0x00000000e2580000)
  to   space 8192K, 0% used [0x00000000e2580000,0x00000000e2580000,0x00000000e2d80000)
 ParOldGen       total 44032K, used 7123K [0x00000000a0000000, 0x00000000a2b00000, 0x00000000e0000000)
  object space 44032K, 16% used [0x00000000a0000000,0x00000000a06f4ea0,0x00000000a2b00000)
 Metaspace       used 20779K, capacity 21166K, committed 21296K, reserved 1067008K
  class space    used 2972K, capacity 3133K, committed 3200K, reserved 1048576K
Event: 12.367 GC heap after
Heap after GC invocations=8 (full 1):
 PSYoungGen      total 37888K, used 0K [0x00000000e0000000, 0x00000000e2d80000, 0x0000000100000000)
  eden space 30208K, 0% used [0x00000000e0000000,0x00000000e0000000,0x00000000e1d80000)
  from space 7680K, 0% used [0x00000000e1e00000,0x00000000e1e00000,0x00000000e2580000)
  to   space 8192K, 0% used [0x00000000e2580000,0x00000000e2580000,0x00000000e2d80000)
 ParOldGen       total 38912K, used 8727K [0x00000000a0000000, 0x00000000a2600000, 0x00000000e0000000)
  object space 38912K, 22% used [0x00000000a0000000,0x00000000a0885e48,0x00000000a2600000)
 Metaspace       used 20779K, capacity 21166K, committed 21296K, reserved 1067008K
  class space    used 2972K, capacity 3133K, committed 3200K, reserved 1048576K
}
Event: 14.477 GC heap before
{Heap before GC invocations=9 (full 1):
 PSYoungGen      total 37888K, used 30208K [0x00000000e0000000, 0x00000000e2d80000, 0x0000000100000000)
  eden space 30208K, 100% used [0x00000000e0000000,0x00000000e1d80000,0x00000000e1d80000)
  from space 7680K, 0% used [0x00000000e1e00000,0x00000000e1e00000,0x00000000e2580000)
  to   space 8192K, 0% used [0x00000000e2580000,0x00000000e2580000,0x00000000e2d80000)
 ParOldGen       total 38912K, used 8727K [0x00000000a0000000, 0x00000000a2600000, 0x00000000e0000000)
  object space 38912K, 22% used [0x00000000a0000000,0x00000000a0885e48,0x00000000a2600000)
 Metaspace       used 23861K, capacity 24286K, committed 24576K, reserved 1071104K
  class space    used 3341K, capacity 3462K, committed 3584K, reserved 1048576K

